Terminals unused in grammar

   OTRO


Grammar

    0 $accept: json $end

    1 json: BRACE_OPEN json_atributos BRACE_CLOSE

    2 json_atributos: empresas COMMA version COMMA firma_digital
    3               | empresas COMMA firma_digital COMMA version
    4               | version COMMA empresas COMMA firma_digital
    5               | version COMMA firma_digital COMMA empresas
    6               | firma_digital COMMA empresas COMMA version
    7               | firma_digital COMMA version COMMA empresas
    8               | version COMMA empresas
    9               | firma_digital COMMA empresas
   10               | empresas COMMA firma_digital
   11               | empresas COMMA version
   12               | empresas

   13 version: K_VERSION COLON STRING
   14        | K_VERSION COLON NULL_VALUE

   15 firma_digital: K_FIRMA_DIGITAL COLON STRING
   16              | K_FIRMA_DIGITAL COLON NULL_VALUE

   17 empresas: K_EMPRESAS COLON empresas_lista

   18 empresas_lista: BRACKET_OPEN empresa_nt BRACKET_CLOSE

   19 empresa_nt: empresa COMMA empresa_nt
   20           | empresa

   21 empresa: BRACE_OPEN empresa_atributos BRACE_CLOSE

   22 empresa_atributos: nombre_empresa COMMA fundacion COMMA direccion COMMA ingresos_anuales COMMA pyme COMMA link COMMA departamentos
   23                  | nombre_empresa COMMA fundacion COMMA direccion COMMA ingresos_anuales COMMA pyme COMMA departamentos
   24                  | nombre_empresa COMMA fundacion COMMA ingresos_anuales COMMA pyme COMMA link COMMA departamentos
   25                  | nombre_empresa COMMA fundacion COMMA ingresos_anuales COMMA pyme COMMA departamentos

   26 nombre_empresa: K_NOMBRE_EMPRESA COLON STRING

   27 fundacion: K_FUNDACION COLON INTEGER

   28 direccion: K_DIRECCION COLON BRACE_OPEN direccion_atributos BRACE_CLOSE
   29          | K_DIRECCION COLON BRACE_OPEN BRACE_CLOSE
   30          | K_DIRECCION COLON NULL_VALUE

   31 ingresos_anuales: K_INGRESOS_ANUALES COLON FLOAT

   32 pyme: K_PYME COLON BOOL

   33 link: K_LINK COLON URL
   34     | K_LINK COLON NULL_VALUE

   35 direccion_atributos: calle COMMA ciudad COMMA pais
   36                    | ciudad COMMA calle COMMA pais
   37                    | pais COMMA calle COMMA ciudad
   38                    | calle COMMA pais COMMA ciudad
   39                    | ciudad COMMA pais COMMA calle
   40                    | pais COMMA ciudad COMMA calle

   41 calle: K_CALLE COLON STRING

   42 ciudad: K_CIUDAD COLON STRING

   43 pais: K_PAIS COLON STRING

   44 departamentos: K_DEPARTAMENTOS COLON departamentos_lista

   45 departamentos_lista: BRACKET_OPEN departamento_nt BRACKET_CLOSE

   46 departamento_nt: departamento COMMA departamento_nt
   47                | departamento

   48 departamento: BRACE_OPEN departamento_atributos BRACE_CLOSE

   49 departamento_atributos: nombre_departamento COMMA jefe_departamento COMMA subdepartamentos
   50                       | jefe_departamento COMMA nombre_departamento COMMA subdepartamentos
   51                       | subdepartamentos COMMA nombre_departamento COMMA jefe_departamento
   52                       | nombre_departamento COMMA subdepartamentos COMMA jefe_departamento
   53                       | jefe_departamento COMMA subdepartamentos COMMA nombre_departamento
   54                       | subdepartamentos COMMA jefe_departamento COMMA nombre_departamento

   55 nombre_departamento: K_NOMBRE COLON STRING

   56 jefe_departamento: K_JEFE COLON STRING
   57                  | K_JEFE COLON NULL_VALUE

   58 subdepartamentos: K_SUBDEPARTAMENTOS COLON subdepartamentos_lista

   59 subdepartamentos_lista: BRACKET_OPEN subdepartamento_nt BRACKET_CLOSE

   60 subdepartamento_nt: subdepartamento COMMA subdepartamento_nt
   61                   | subdepartamento

   62 subdepartamento: BRACE_OPEN subdepartamento_atributos BRACE_CLOSE

   63 subdepartamento_atributos: nombre_subdepartamento COMMA jefe_subdepartamento COMMA empleados
   64                          | jefe_subdepartamento COMMA nombre_subdepartamento COMMA empleados
   65                          | empleados COMMA nombre_subdepartamento COMMA jefe_subdepartamento
   66                          | nombre_subdepartamento COMMA empleados COMMA jefe_subdepartamento
   67                          | jefe_subdepartamento COMMA empleados COMMA nombre_subdepartamento
   68                          | empleados COMMA jefe_subdepartamento COMMA nombre_subdepartamento
   69                          | nombre_subdepartamento COMMA jefe_subdepartamento
   70                          | jefe_subdepartamento COMMA nombre_subdepartamento
   71                          | nombre_subdepartamento COMMA empleados
   72                          | empleados COMMA nombre_subdepartamento
   73                          | nombre_subdepartamento

   74 nombre_subdepartamento: K_NOMBRE COLON STRING

   75 jefe_subdepartamento: K_JEFE COLON STRING
   76                     | K_JEFE COLON NULL_VALUE

   77 empleados: K_EMPLEADOS COLON empleados_lista

   78 empleados_lista: BRACKET_OPEN empleado_nt BRACKET_CLOSE
   79                | BRACKET_OPEN BRACKET_CLOSE
   80                | NULL_VALUE

   81 empleado_nt: empleado COMMA empleado_nt
   82            | empleado

   83 empleado: BRACE_OPEN empleado_atributos BRACE_CLOSE

   84 empleado_atributos: nombre_empleado COMMA edad COMMA cargo COMMA salario COMMA activo COMMA fecha_contratacion COMMA proyectos
   85                   | nombre_empleado COMMA edad COMMA cargo COMMA salario COMMA activo COMMA fecha_contratacion
   86                   | nombre_empleado COMMA cargo COMMA salario COMMA activo COMMA fecha_contratacion COMMA proyectos
   87                   | nombre_empleado COMMA cargo COMMA salario COMMA activo COMMA fecha_contratacion

   88 nombre_empleado: K_NOMBRE COLON STRING

   89 edad: K_EDAD COLON INTEGER
   90     | K_EDAD COLON NULL_VALUE

   91 cargo: K_CARGO COLON CARGO

   92 salario: K_SALARIO COLON FLOAT

   93 activo: K_ACTIVO COLON BOOL

   94 fecha_contratacion: K_FECHA_CONTRATACION COLON DATE

   95 proyectos: K_PROYECTOS COLON proyectos_lista

   96 proyectos_lista: BRACKET_OPEN proyecto_nt BRACKET_CLOSE
   97                | BRACKET_OPEN BRACKET_CLOSE
   98                | NULL_VALUE

   99 proyecto_nt: proyecto COMMA proyecto_nt
  100            | proyecto

  101 proyecto: BRACE_OPEN proyecto_atributos BRACE_CLOSE

  102 proyecto_atributos: nombre_proyecto COMMA estado COMMA fecha_inicio COMMA fecha_fin
  103                   | nombre_proyecto COMMA estado COMMA fecha_inicio
  104                   | nombre_proyecto COMMA fecha_inicio COMMA fecha_fin
  105                   | nombre_proyecto COMMA fecha_inicio

  106 nombre_proyecto: K_NOMBRE COLON STRING

  107 estado: K_ESTADO COLON ESTADO
  108       | K_ESTADO COLON NULL_VALUE

  109 fecha_inicio: K_FECHA_INICIO COLON DATE

  110 fecha_fin: K_FECHA_FIN COLON DATE
  111          | K_FECHA_FIN COLON NULL_VALUE


Terminals, with rules where they appear

$end (0) 0
error (256)
COMMA (258) 2 3 4 5 6 7 8 9 10 11 19 22 23 24 25 35 36 37 38 39 40
    46 49 50 51 52 53 54 60 63 64 65 66 67 68 69 70 71 72 81 84 85
    86 87 99 102 103 104 105
COLON (259) 13 14 15 16 17 26 27 28 29 30 31 32 33 34 41 42 43 44 55
    56 57 58 74 75 76 77 88 89 90 91 92 93 94 95 106 107 108 109 110
    111
BRACE_OPEN (260) 1 21 28 29 48 62 83 101
BRACE_CLOSE (261) 1 21 28 29 48 62 83 101
BRACKET_OPEN (262) 18 45 59 78 79 96 97
BRACKET_CLOSE (263) 18 45 59 78 79 96 97
STRING (264) 13 15 26 41 42 43 55 56 74 75 88 106
DATE (265) 94 109 110
BOOL (266) 32 93
FLOAT (267) 31 92
INTEGER (268) 27 89
URL (269) 33
CARGO (270) 91
ESTADO (271) 107
NULL_VALUE (272) 14 16 30 34 57 76 80 90 98 108 111
K_VERSION (273) 13 14
K_FIRMA_DIGITAL (274) 15 16
K_EMPRESAS (275) 17
K_NOMBRE_EMPRESA (276) 26
K_FUNDACION (277) 27
K_DIRECCION (278) 28 29 30
K_INGRESOS_ANUALES (279) 31
K_PYME (280) 32
K_LINK (281) 33 34
K_CALLE (282) 41
K_CIUDAD (283) 42
K_PAIS (284) 43
K_DEPARTAMENTOS (285) 44
K_NOMBRE (286) 55 74 88 106
K_JEFE (287) 56 57 75 76
K_SUBDEPARTAMENTOS (288) 58
K_EMPLEADOS (289) 77
K_EDAD (290) 89 90
K_CARGO (291) 91
K_SALARIO (292) 92
K_ACTIVO (293) 93
K_FECHA_CONTRATACION (294) 94
K_PROYECTOS (295) 95
K_ESTADO (296) 107 108
K_FECHA_INICIO (297) 109
K_FECHA_FIN (298) 110 111
OTRO (299)


Nonterminals, with rules where they appear

$accept (45)
    on left: 0
json (46)
    on left: 1, on right: 0
json_atributos (47)
    on left: 2 3 4 5 6 7 8 9 10 11 12, on right: 1
version (48)
    on left: 13 14, on right: 2 3 4 5 6 7 8 11
firma_digital (49)
    on left: 15 16, on right: 2 3 4 5 6 7 9 10
empresas (50)
    on left: 17, on right: 2 3 4 5 6 7 8 9 10 11 12
empresas_lista (51)
    on left: 18, on right: 17
empresa_nt (52)
    on left: 19 20, on right: 18 19
empresa (53)
    on left: 21, on right: 19 20
empresa_atributos (54)
    on left: 22 23 24 25, on right: 21
nombre_empresa (55)
    on left: 26, on right: 22 23 24 25
fundacion (56)
    on left: 27, on right: 22 23 24 25
direccion (57)
    on left: 28 29 30, on right: 22 23
ingresos_anuales (58)
    on left: 31, on right: 22 23 24 25
pyme (59)
    on left: 32, on right: 22 23 24 25
link (60)
    on left: 33 34, on right: 22 24
direccion_atributos (61)
    on left: 35 36 37 38 39 40, on right: 28
calle (62)
    on left: 41, on right: 35 36 37 38 39 40
ciudad (63)
    on left: 42, on right: 35 36 37 38 39 40
pais (64)
    on left: 43, on right: 35 36 37 38 39 40
departamentos (65)
    on left: 44, on right: 22 23 24 25
departamentos_lista (66)
    on left: 45, on right: 44
departamento_nt (67)
    on left: 46 47, on right: 45 46
departamento (68)
    on left: 48, on right: 46 47
departamento_atributos (69)
    on left: 49 50 51 52 53 54, on right: 48
nombre_departamento (70)
    on left: 55, on right: 49 50 51 52 53 54
jefe_departamento (71)
    on left: 56 57, on right: 49 50 51 52 53 54
subdepartamentos (72)
    on left: 58, on right: 49 50 51 52 53 54
subdepartamentos_lista (73)
    on left: 59, on right: 58
subdepartamento_nt (74)
    on left: 60 61, on right: 59 60
subdepartamento (75)
    on left: 62, on right: 60 61
subdepartamento_atributos (76)
    on left: 63 64 65 66 67 68 69 70 71 72 73, on right: 62
nombre_subdepartamento (77)
    on left: 74, on right: 63 64 65 66 67 68 69 70 71 72 73
jefe_subdepartamento (78)
    on left: 75 76, on right: 63 64 65 66 67 68 69 70
empleados (79)
    on left: 77, on right: 63 64 65 66 67 68 71 72
empleados_lista (80)
    on left: 78 79 80, on right: 77
empleado_nt (81)
    on left: 81 82, on right: 78 81
empleado (82)
    on left: 83, on right: 81 82
empleado_atributos (83)
    on left: 84 85 86 87, on right: 83
nombre_empleado (84)
    on left: 88, on right: 84 85 86 87
edad (85)
    on left: 89 90, on right: 84 85
cargo (86)
    on left: 91, on right: 84 85 86 87
salario (87)
    on left: 92, on right: 84 85 86 87
activo (88)
    on left: 93, on right: 84 85 86 87
fecha_contratacion (89)
    on left: 94, on right: 84 85 86 87
proyectos (90)
    on left: 95, on right: 84 86
proyectos_lista (91)
    on left: 96 97 98, on right: 95
proyecto_nt (92)
    on left: 99 100, on right: 96 99
proyecto (93)
    on left: 101, on right: 99 100
proyecto_atributos (94)
    on left: 102 103 104 105, on right: 101
nombre_proyecto (95)
    on left: 106, on right: 102 103 104 105
estado (96)
    on left: 107 108, on right: 102 103
fecha_inicio (97)
    on left: 109, on right: 102 103 104 105
fecha_fin (98)
    on left: 110 111, on right: 102 104


state 0

    0 $accept: . json $end

    BRACE_OPEN  shift, and go to state 1

    json  go to state 2


state 1

    1 json: BRACE_OPEN . json_atributos BRACE_CLOSE

    K_VERSION        shift, and go to state 3
    K_FIRMA_DIGITAL  shift, and go to state 4
    K_EMPRESAS       shift, and go to state 5

    json_atributos  go to state 6
    version         go to state 7
    firma_digital   go to state 8
    empresas        go to state 9


state 2

    0 $accept: json . $end

    $end  shift, and go to state 10


state 3

   13 version: K_VERSION . COLON STRING
   14        | K_VERSION . COLON NULL_VALUE

    COLON  shift, and go to state 11


state 4

   15 firma_digital: K_FIRMA_DIGITAL . COLON STRING
   16              | K_FIRMA_DIGITAL . COLON NULL_VALUE

    COLON  shift, and go to state 12


state 5

   17 empresas: K_EMPRESAS . COLON empresas_lista

    COLON  shift, and go to state 13


state 6

    1 json: BRACE_OPEN json_atributos . BRACE_CLOSE

    BRACE_CLOSE  shift, and go to state 14


state 7

    4 json_atributos: version . COMMA empresas COMMA firma_digital
    5               | version . COMMA firma_digital COMMA empresas
    8               | version . COMMA empresas

    COMMA  shift, and go to state 15


state 8

    6 json_atributos: firma_digital . COMMA empresas COMMA version
    7               | firma_digital . COMMA version COMMA empresas
    9               | firma_digital . COMMA empresas

    COMMA  shift, and go to state 16


state 9

    2 json_atributos: empresas . COMMA version COMMA firma_digital
    3               | empresas . COMMA firma_digital COMMA version
   10               | empresas . COMMA firma_digital
   11               | empresas . COMMA version
   12               | empresas .

    COMMA  shift, and go to state 17

    $default  reduce using rule 12 (json_atributos)


state 10

    0 $accept: json $end .

    $default  accept


state 11

   13 version: K_VERSION COLON . STRING
   14        | K_VERSION COLON . NULL_VALUE

    STRING      shift, and go to state 18
    NULL_VALUE  shift, and go to state 19


state 12

   15 firma_digital: K_FIRMA_DIGITAL COLON . STRING
   16              | K_FIRMA_DIGITAL COLON . NULL_VALUE

    STRING      shift, and go to state 20
    NULL_VALUE  shift, and go to state 21


state 13

   17 empresas: K_EMPRESAS COLON . empresas_lista

    BRACKET_OPEN  shift, and go to state 22

    empresas_lista  go to state 23


state 14

    1 json: BRACE_OPEN json_atributos BRACE_CLOSE .

    $default  reduce using rule 1 (json)


state 15

    4 json_atributos: version COMMA . empresas COMMA firma_digital
    5               | version COMMA . firma_digital COMMA empresas
    8               | version COMMA . empresas

    K_FIRMA_DIGITAL  shift, and go to state 4
    K_EMPRESAS       shift, and go to state 5

    firma_digital  go to state 24
    empresas       go to state 25


state 16

    6 json_atributos: firma_digital COMMA . empresas COMMA version
    7               | firma_digital COMMA . version COMMA empresas
    9               | firma_digital COMMA . empresas

    K_VERSION   shift, and go to state 3
    K_EMPRESAS  shift, and go to state 5

    version   go to state 26
    empresas  go to state 27


state 17

    2 json_atributos: empresas COMMA . version COMMA firma_digital
    3               | empresas COMMA . firma_digital COMMA version
   10               | empresas COMMA . firma_digital
   11               | empresas COMMA . version

    K_VERSION        shift, and go to state 3
    K_FIRMA_DIGITAL  shift, and go to state 4

    version        go to state 28
    firma_digital  go to state 29


state 18

   13 version: K_VERSION COLON STRING .

    $default  reduce using rule 13 (version)


state 19

   14 version: K_VERSION COLON NULL_VALUE .

    $default  reduce using rule 14 (version)


state 20

   15 firma_digital: K_FIRMA_DIGITAL COLON STRING .

    $default  reduce using rule 15 (firma_digital)


state 21

   16 firma_digital: K_FIRMA_DIGITAL COLON NULL_VALUE .

    $default  reduce using rule 16 (firma_digital)


state 22

   18 empresas_lista: BRACKET_OPEN . empresa_nt BRACKET_CLOSE

    BRACE_OPEN  shift, and go to state 30

    empresa_nt  go to state 31
    empresa     go to state 32


state 23

   17 empresas: K_EMPRESAS COLON empresas_lista .

    $default  reduce using rule 17 (empresas)


state 24

    5 json_atributos: version COMMA firma_digital . COMMA empresas

    COMMA  shift, and go to state 33


state 25

    4 json_atributos: version COMMA empresas . COMMA firma_digital
    8               | version COMMA empresas .

    COMMA  shift, and go to state 34

    $default  reduce using rule 8 (json_atributos)


state 26

    7 json_atributos: firma_digital COMMA version . COMMA empresas

    COMMA  shift, and go to state 35


state 27

    6 json_atributos: firma_digital COMMA empresas . COMMA version
    9               | firma_digital COMMA empresas .

    COMMA  shift, and go to state 36

    $default  reduce using rule 9 (json_atributos)


state 28

    2 json_atributos: empresas COMMA version . COMMA firma_digital
   11               | empresas COMMA version .

    COMMA  shift, and go to state 37

    $default  reduce using rule 11 (json_atributos)


state 29

    3 json_atributos: empresas COMMA firma_digital . COMMA version
   10               | empresas COMMA firma_digital .

    COMMA  shift, and go to state 38

    $default  reduce using rule 10 (json_atributos)


state 30

   21 empresa: BRACE_OPEN . empresa_atributos BRACE_CLOSE

    K_NOMBRE_EMPRESA  shift, and go to state 39

    empresa_atributos  go to state 40
    nombre_empresa     go to state 41


state 31

   18 empresas_lista: BRACKET_OPEN empresa_nt . BRACKET_CLOSE

    BRACKET_CLOSE  shift, and go to state 42


state 32

   19 empresa_nt: empresa . COMMA empresa_nt
   20           | empresa .

    COMMA  shift, and go to state 43

    $default  reduce using rule 20 (empresa_nt)


state 33

    5 json_atributos: version COMMA firma_digital COMMA . empresas

    K_EMPRESAS  shift, and go to state 5

    empresas  go to state 44


state 34

    4 json_atributos: version COMMA empresas COMMA . firma_digital

    K_FIRMA_DIGITAL  shift, and go to state 4

    firma_digital  go to state 45


state 35

    7 json_atributos: firma_digital COMMA version COMMA . empresas

    K_EMPRESAS  shift, and go to state 5

    empresas  go to state 46


state 36

    6 json_atributos: firma_digital COMMA empresas COMMA . version

    K_VERSION  shift, and go to state 3

    version  go to state 47


state 37

    2 json_atributos: empresas COMMA version COMMA . firma_digital

    K_FIRMA_DIGITAL  shift, and go to state 4

    firma_digital  go to state 48


state 38

    3 json_atributos: empresas COMMA firma_digital COMMA . version

    K_VERSION  shift, and go to state 3

    version  go to state 49


state 39

   26 nombre_empresa: K_NOMBRE_EMPRESA . COLON STRING

    COLON  shift, and go to state 50


state 40

   21 empresa: BRACE_OPEN empresa_atributos . BRACE_CLOSE

    BRACE_CLOSE  shift, and go to state 51


state 41

   22 empresa_atributos: nombre_empresa . COMMA fundacion COMMA direccion COMMA ingresos_anuales COMMA pyme COMMA link COMMA departamentos
   23                  | nombre_empresa . COMMA fundacion COMMA direccion COMMA ingresos_anuales COMMA pyme COMMA departamentos
   24                  | nombre_empresa . COMMA fundacion COMMA ingresos_anuales COMMA pyme COMMA link COMMA departamentos
   25                  | nombre_empresa . COMMA fundacion COMMA ingresos_anuales COMMA pyme COMMA departamentos

    COMMA  shift, and go to state 52


state 42

   18 empresas_lista: BRACKET_OPEN empresa_nt BRACKET_CLOSE .

    $default  reduce using rule 18 (empresas_lista)


state 43

   19 empresa_nt: empresa COMMA . empresa_nt

    BRACE_OPEN  shift, and go to state 30

    empresa_nt  go to state 53
    empresa     go to state 32


state 44

    5 json_atributos: version COMMA firma_digital COMMA empresas .

    $default  reduce using rule 5 (json_atributos)


state 45

    4 json_atributos: version COMMA empresas COMMA firma_digital .

    $default  reduce using rule 4 (json_atributos)


state 46

    7 json_atributos: firma_digital COMMA version COMMA empresas .

    $default  reduce using rule 7 (json_atributos)


state 47

    6 json_atributos: firma_digital COMMA empresas COMMA version .

    $default  reduce using rule 6 (json_atributos)


state 48

    2 json_atributos: empresas COMMA version COMMA firma_digital .

    $default  reduce using rule 2 (json_atributos)


state 49

    3 json_atributos: empresas COMMA firma_digital COMMA version .

    $default  reduce using rule 3 (json_atributos)


state 50

   26 nombre_empresa: K_NOMBRE_EMPRESA COLON . STRING

    STRING  shift, and go to state 54


state 51

   21 empresa: BRACE_OPEN empresa_atributos BRACE_CLOSE .

    $default  reduce using rule 21 (empresa)


state 52

   22 empresa_atributos: nombre_empresa COMMA . fundacion COMMA direccion COMMA ingresos_anuales COMMA pyme COMMA link COMMA departamentos
   23                  | nombre_empresa COMMA . fundacion COMMA direccion COMMA ingresos_anuales COMMA pyme COMMA departamentos
   24                  | nombre_empresa COMMA . fundacion COMMA ingresos_anuales COMMA pyme COMMA link COMMA departamentos
   25                  | nombre_empresa COMMA . fundacion COMMA ingresos_anuales COMMA pyme COMMA departamentos

    K_FUNDACION  shift, and go to state 55

    fundacion  go to state 56


state 53

   19 empresa_nt: empresa COMMA empresa_nt .

    $default  reduce using rule 19 (empresa_nt)


state 54

   26 nombre_empresa: K_NOMBRE_EMPRESA COLON STRING .

    $default  reduce using rule 26 (nombre_empresa)


state 55

   27 fundacion: K_FUNDACION . COLON INTEGER

    COLON  shift, and go to state 57


state 56

   22 empresa_atributos: nombre_empresa COMMA fundacion . COMMA direccion COMMA ingresos_anuales COMMA pyme COMMA link COMMA departamentos
   23                  | nombre_empresa COMMA fundacion . COMMA direccion COMMA ingresos_anuales COMMA pyme COMMA departamentos
   24                  | nombre_empresa COMMA fundacion . COMMA ingresos_anuales COMMA pyme COMMA link COMMA departamentos
   25                  | nombre_empresa COMMA fundacion . COMMA ingresos_anuales COMMA pyme COMMA departamentos

    COMMA  shift, and go to state 58


state 57

   27 fundacion: K_FUNDACION COLON . INTEGER

    INTEGER  shift, and go to state 59


state 58

   22 empresa_atributos: nombre_empresa COMMA fundacion COMMA . direccion COMMA ingresos_anuales COMMA pyme COMMA link COMMA departamentos
   23                  | nombre_empresa COMMA fundacion COMMA . direccion COMMA ingresos_anuales COMMA pyme COMMA departamentos
   24                  | nombre_empresa COMMA fundacion COMMA . ingresos_anuales COMMA pyme COMMA link COMMA departamentos
   25                  | nombre_empresa COMMA fundacion COMMA . ingresos_anuales COMMA pyme COMMA departamentos

    K_DIRECCION         shift, and go to state 60
    K_INGRESOS_ANUALES  shift, and go to state 61

    direccion         go to state 62
    ingresos_anuales  go to state 63


state 59

   27 fundacion: K_FUNDACION COLON INTEGER .

    $default  reduce using rule 27 (fundacion)


state 60

   28 direccion: K_DIRECCION . COLON BRACE_OPEN direccion_atributos BRACE_CLOSE
   29          | K_DIRECCION . COLON BRACE_OPEN BRACE_CLOSE
   30          | K_DIRECCION . COLON NULL_VALUE

    COLON  shift, and go to state 64


state 61

   31 ingresos_anuales: K_INGRESOS_ANUALES . COLON FLOAT

    COLON  shift, and go to state 65


state 62

   22 empresa_atributos: nombre_empresa COMMA fundacion COMMA direccion . COMMA ingresos_anuales COMMA pyme COMMA link COMMA departamentos
   23                  | nombre_empresa COMMA fundacion COMMA direccion . COMMA ingresos_anuales COMMA pyme COMMA departamentos

    COMMA  shift, and go to state 66


state 63

   24 empresa_atributos: nombre_empresa COMMA fundacion COMMA ingresos_anuales . COMMA pyme COMMA link COMMA departamentos
   25                  | nombre_empresa COMMA fundacion COMMA ingresos_anuales . COMMA pyme COMMA departamentos

    COMMA  shift, and go to state 67


state 64

   28 direccion: K_DIRECCION COLON . BRACE_OPEN direccion_atributos BRACE_CLOSE
   29          | K_DIRECCION COLON . BRACE_OPEN BRACE_CLOSE
   30          | K_DIRECCION COLON . NULL_VALUE

    BRACE_OPEN  shift, and go to state 68
    NULL_VALUE  shift, and go to state 69


state 65

   31 ingresos_anuales: K_INGRESOS_ANUALES COLON . FLOAT

    FLOAT  shift, and go to state 70


state 66

   22 empresa_atributos: nombre_empresa COMMA fundacion COMMA direccion COMMA . ingresos_anuales COMMA pyme COMMA link COMMA departamentos
   23                  | nombre_empresa COMMA fundacion COMMA direccion COMMA . ingresos_anuales COMMA pyme COMMA departamentos

    K_INGRESOS_ANUALES  shift, and go to state 61

    ingresos_anuales  go to state 71


state 67

   24 empresa_atributos: nombre_empresa COMMA fundacion COMMA ingresos_anuales COMMA . pyme COMMA link COMMA departamentos
   25                  | nombre_empresa COMMA fundacion COMMA ingresos_anuales COMMA . pyme COMMA departamentos

    K_PYME  shift, and go to state 72

    pyme  go to state 73


state 68

   28 direccion: K_DIRECCION COLON BRACE_OPEN . direccion_atributos BRACE_CLOSE
   29          | K_DIRECCION COLON BRACE_OPEN . BRACE_CLOSE

    BRACE_CLOSE  shift, and go to state 74
    K_CALLE      shift, and go to state 75
    K_CIUDAD     shift, and go to state 76
    K_PAIS       shift, and go to state 77

    direccion_atributos  go to state 78
    calle                go to state 79
    ciudad               go to state 80
    pais                 go to state 81


state 69

   30 direccion: K_DIRECCION COLON NULL_VALUE .

    $default  reduce using rule 30 (direccion)


state 70

   31 ingresos_anuales: K_INGRESOS_ANUALES COLON FLOAT .

    $default  reduce using rule 31 (ingresos_anuales)


state 71

   22 empresa_atributos: nombre_empresa COMMA fundacion COMMA direccion COMMA ingresos_anuales . COMMA pyme COMMA link COMMA departamentos
   23                  | nombre_empresa COMMA fundacion COMMA direccion COMMA ingresos_anuales . COMMA pyme COMMA departamentos

    COMMA  shift, and go to state 82


state 72

   32 pyme: K_PYME . COLON BOOL

    COLON  shift, and go to state 83


state 73

   24 empresa_atributos: nombre_empresa COMMA fundacion COMMA ingresos_anuales COMMA pyme . COMMA link COMMA departamentos
   25                  | nombre_empresa COMMA fundacion COMMA ingresos_anuales COMMA pyme . COMMA departamentos

    COMMA  shift, and go to state 84


state 74

   29 direccion: K_DIRECCION COLON BRACE_OPEN BRACE_CLOSE .

    $default  reduce using rule 29 (direccion)


state 75

   41 calle: K_CALLE . COLON STRING

    COLON  shift, and go to state 85


state 76

   42 ciudad: K_CIUDAD . COLON STRING

    COLON  shift, and go to state 86


state 77

   43 pais: K_PAIS . COLON STRING

    COLON  shift, and go to state 87


state 78

   28 direccion: K_DIRECCION COLON BRACE_OPEN direccion_atributos . BRACE_CLOSE

    BRACE_CLOSE  shift, and go to state 88


state 79

   35 direccion_atributos: calle . COMMA ciudad COMMA pais
   38                    | calle . COMMA pais COMMA ciudad

    COMMA  shift, and go to state 89


state 80

   36 direccion_atributos: ciudad . COMMA calle COMMA pais
   39                    | ciudad . COMMA pais COMMA calle

    COMMA  shift, and go to state 90


state 81

   37 direccion_atributos: pais . COMMA calle COMMA ciudad
   40                    | pais . COMMA ciudad COMMA calle

    COMMA  shift, and go to state 91


state 82

   22 empresa_atributos: nombre_empresa COMMA fundacion COMMA direccion COMMA ingresos_anuales COMMA . pyme COMMA link COMMA departamentos
   23                  | nombre_empresa COMMA fundacion COMMA direccion COMMA ingresos_anuales COMMA . pyme COMMA departamentos

    K_PYME  shift, and go to state 72

    pyme  go to state 92


state 83

   32 pyme: K_PYME COLON . BOOL

    BOOL  shift, and go to state 93


state 84

   24 empresa_atributos: nombre_empresa COMMA fundacion COMMA ingresos_anuales COMMA pyme COMMA . link COMMA departamentos
   25                  | nombre_empresa COMMA fundacion COMMA ingresos_anuales COMMA pyme COMMA . departamentos

    K_LINK           shift, and go to state 94
    K_DEPARTAMENTOS  shift, and go to state 95

    link           go to state 96
    departamentos  go to state 97


state 85

   41 calle: K_CALLE COLON . STRING

    STRING  shift, and go to state 98


state 86

   42 ciudad: K_CIUDAD COLON . STRING

    STRING  shift, and go to state 99


state 87

   43 pais: K_PAIS COLON . STRING

    STRING  shift, and go to state 100


state 88

   28 direccion: K_DIRECCION COLON BRACE_OPEN direccion_atributos BRACE_CLOSE .

    $default  reduce using rule 28 (direccion)


state 89

   35 direccion_atributos: calle COMMA . ciudad COMMA pais
   38                    | calle COMMA . pais COMMA ciudad

    K_CIUDAD  shift, and go to state 76
    K_PAIS    shift, and go to state 77

    ciudad  go to state 101
    pais    go to state 102


state 90

   36 direccion_atributos: ciudad COMMA . calle COMMA pais
   39                    | ciudad COMMA . pais COMMA calle

    K_CALLE  shift, and go to state 75
    K_PAIS   shift, and go to state 77

    calle  go to state 103
    pais   go to state 104


state 91

   37 direccion_atributos: pais COMMA . calle COMMA ciudad
   40                    | pais COMMA . ciudad COMMA calle

    K_CALLE   shift, and go to state 75
    K_CIUDAD  shift, and go to state 76

    calle   go to state 105
    ciudad  go to state 106


state 92

   22 empresa_atributos: nombre_empresa COMMA fundacion COMMA direccion COMMA ingresos_anuales COMMA pyme . COMMA link COMMA departamentos
   23                  | nombre_empresa COMMA fundacion COMMA direccion COMMA ingresos_anuales COMMA pyme . COMMA departamentos

    COMMA  shift, and go to state 107


state 93

   32 pyme: K_PYME COLON BOOL .

    $default  reduce using rule 32 (pyme)


state 94

   33 link: K_LINK . COLON URL
   34     | K_LINK . COLON NULL_VALUE

    COLON  shift, and go to state 108


state 95

   44 departamentos: K_DEPARTAMENTOS . COLON departamentos_lista

    COLON  shift, and go to state 109


state 96

   24 empresa_atributos: nombre_empresa COMMA fundacion COMMA ingresos_anuales COMMA pyme COMMA link . COMMA departamentos

    COMMA  shift, and go to state 110


state 97

   25 empresa_atributos: nombre_empresa COMMA fundacion COMMA ingresos_anuales COMMA pyme COMMA departamentos .

    $default  reduce using rule 25 (empresa_atributos)


state 98

   41 calle: K_CALLE COLON STRING .

    $default  reduce using rule 41 (calle)


state 99

   42 ciudad: K_CIUDAD COLON STRING .

    $default  reduce using rule 42 (ciudad)


state 100

   43 pais: K_PAIS COLON STRING .

    $default  reduce using rule 43 (pais)


state 101

   35 direccion_atributos: calle COMMA ciudad . COMMA pais

    COMMA  shift, and go to state 111


state 102

   38 direccion_atributos: calle COMMA pais . COMMA ciudad

    COMMA  shift, and go to state 112


state 103

   36 direccion_atributos: ciudad COMMA calle . COMMA pais

    COMMA  shift, and go to state 113


state 104

   39 direccion_atributos: ciudad COMMA pais . COMMA calle

    COMMA  shift, and go to state 114


state 105

   37 direccion_atributos: pais COMMA calle . COMMA ciudad

    COMMA  shift, and go to state 115


state 106

   40 direccion_atributos: pais COMMA ciudad . COMMA calle

    COMMA  shift, and go to state 116


state 107

   22 empresa_atributos: nombre_empresa COMMA fundacion COMMA direccion COMMA ingresos_anuales COMMA pyme COMMA . link COMMA departamentos
   23                  | nombre_empresa COMMA fundacion COMMA direccion COMMA ingresos_anuales COMMA pyme COMMA . departamentos

    K_LINK           shift, and go to state 94
    K_DEPARTAMENTOS  shift, and go to state 95

    link           go to state 117
    departamentos  go to state 118


state 108

   33 link: K_LINK COLON . URL
   34     | K_LINK COLON . NULL_VALUE

    URL         shift, and go to state 119
    NULL_VALUE  shift, and go to state 120


state 109

   44 departamentos: K_DEPARTAMENTOS COLON . departamentos_lista

    BRACKET_OPEN  shift, and go to state 121

    departamentos_lista  go to state 122


state 110

   24 empresa_atributos: nombre_empresa COMMA fundacion COMMA ingresos_anuales COMMA pyme COMMA link COMMA . departamentos

    K_DEPARTAMENTOS  shift, and go to state 95

    departamentos  go to state 123


state 111

   35 direccion_atributos: calle COMMA ciudad COMMA . pais

    K_PAIS  shift, and go to state 77

    pais  go to state 124


state 112

   38 direccion_atributos: calle COMMA pais COMMA . ciudad

    K_CIUDAD  shift, and go to state 76

    ciudad  go to state 125


state 113

   36 direccion_atributos: ciudad COMMA calle COMMA . pais

    K_PAIS  shift, and go to state 77

    pais  go to state 126


state 114

   39 direccion_atributos: ciudad COMMA pais COMMA . calle

    K_CALLE  shift, and go to state 75

    calle  go to state 127


state 115

   37 direccion_atributos: pais COMMA calle COMMA . ciudad

    K_CIUDAD  shift, and go to state 76

    ciudad  go to state 128


state 116

   40 direccion_atributos: pais COMMA ciudad COMMA . calle

    K_CALLE  shift, and go to state 75

    calle  go to state 129


state 117

   22 empresa_atributos: nombre_empresa COMMA fundacion COMMA direccion COMMA ingresos_anuales COMMA pyme COMMA link . COMMA departamentos

    COMMA  shift, and go to state 130


state 118

   23 empresa_atributos: nombre_empresa COMMA fundacion COMMA direccion COMMA ingresos_anuales COMMA pyme COMMA departamentos .

    $default  reduce using rule 23 (empresa_atributos)


state 119

   33 link: K_LINK COLON URL .

    $default  reduce using rule 33 (link)


state 120

   34 link: K_LINK COLON NULL_VALUE .

    $default  reduce using rule 34 (link)


state 121

   45 departamentos_lista: BRACKET_OPEN . departamento_nt BRACKET_CLOSE

    BRACE_OPEN  shift, and go to state 131

    departamento_nt  go to state 132
    departamento     go to state 133


state 122

   44 departamentos: K_DEPARTAMENTOS COLON departamentos_lista .

    $default  reduce using rule 44 (departamentos)


state 123

   24 empresa_atributos: nombre_empresa COMMA fundacion COMMA ingresos_anuales COMMA pyme COMMA link COMMA departamentos .

    $default  reduce using rule 24 (empresa_atributos)


state 124

   35 direccion_atributos: calle COMMA ciudad COMMA pais .

    $default  reduce using rule 35 (direccion_atributos)


state 125

   38 direccion_atributos: calle COMMA pais COMMA ciudad .

    $default  reduce using rule 38 (direccion_atributos)


state 126

   36 direccion_atributos: ciudad COMMA calle COMMA pais .

    $default  reduce using rule 36 (direccion_atributos)


state 127

   39 direccion_atributos: ciudad COMMA pais COMMA calle .

    $default  reduce using rule 39 (direccion_atributos)


state 128

   37 direccion_atributos: pais COMMA calle COMMA ciudad .

    $default  reduce using rule 37 (direccion_atributos)


state 129

   40 direccion_atributos: pais COMMA ciudad COMMA calle .

    $default  reduce using rule 40 (direccion_atributos)


state 130

   22 empresa_atributos: nombre_empresa COMMA fundacion COMMA direccion COMMA ingresos_anuales COMMA pyme COMMA link COMMA . departamentos

    K_DEPARTAMENTOS  shift, and go to state 95

    departamentos  go to state 134


state 131

   48 departamento: BRACE_OPEN . departamento_atributos BRACE_CLOSE

    K_NOMBRE            shift, and go to state 135
    K_JEFE              shift, and go to state 136
    K_SUBDEPARTAMENTOS  shift, and go to state 137

    departamento_atributos  go to state 138
    nombre_departamento     go to state 139
    jefe_departamento       go to state 140
    subdepartamentos        go to state 141


state 132

   45 departamentos_lista: BRACKET_OPEN departamento_nt . BRACKET_CLOSE

    BRACKET_CLOSE  shift, and go to state 142


state 133

   46 departamento_nt: departamento . COMMA departamento_nt
   47                | departamento .

    COMMA  shift, and go to state 143

    $default  reduce using rule 47 (departamento_nt)


state 134

   22 empresa_atributos: nombre_empresa COMMA fundacion COMMA direccion COMMA ingresos_anuales COMMA pyme COMMA link COMMA departamentos .

    $default  reduce using rule 22 (empresa_atributos)


state 135

   55 nombre_departamento: K_NOMBRE . COLON STRING

    COLON  shift, and go to state 144


state 136

   56 jefe_departamento: K_JEFE . COLON STRING
   57                  | K_JEFE . COLON NULL_VALUE

    COLON  shift, and go to state 145


state 137

   58 subdepartamentos: K_SUBDEPARTAMENTOS . COLON subdepartamentos_lista

    COLON  shift, and go to state 146


state 138

   48 departamento: BRACE_OPEN departamento_atributos . BRACE_CLOSE

    BRACE_CLOSE  shift, and go to state 147


state 139

   49 departamento_atributos: nombre_departamento . COMMA jefe_departamento COMMA subdepartamentos
   52                       | nombre_departamento . COMMA subdepartamentos COMMA jefe_departamento

    COMMA  shift, and go to state 148


state 140

   50 departamento_atributos: jefe_departamento . COMMA nombre_departamento COMMA subdepartamentos
   53                       | jefe_departamento . COMMA subdepartamentos COMMA nombre_departamento

    COMMA  shift, and go to state 149


state 141

   51 departamento_atributos: subdepartamentos . COMMA nombre_departamento COMMA jefe_departamento
   54                       | subdepartamentos . COMMA jefe_departamento COMMA nombre_departamento

    COMMA  shift, and go to state 150


state 142

   45 departamentos_lista: BRACKET_OPEN departamento_nt BRACKET_CLOSE .

    $default  reduce using rule 45 (departamentos_lista)


state 143

   46 departamento_nt: departamento COMMA . departamento_nt

    BRACE_OPEN  shift, and go to state 131

    departamento_nt  go to state 151
    departamento     go to state 133


state 144

   55 nombre_departamento: K_NOMBRE COLON . STRING

    STRING  shift, and go to state 152


state 145

   56 jefe_departamento: K_JEFE COLON . STRING
   57                  | K_JEFE COLON . NULL_VALUE

    STRING      shift, and go to state 153
    NULL_VALUE  shift, and go to state 154


state 146

   58 subdepartamentos: K_SUBDEPARTAMENTOS COLON . subdepartamentos_lista

    BRACKET_OPEN  shift, and go to state 155

    subdepartamentos_lista  go to state 156


state 147

   48 departamento: BRACE_OPEN departamento_atributos BRACE_CLOSE .

    $default  reduce using rule 48 (departamento)


state 148

   49 departamento_atributos: nombre_departamento COMMA . jefe_departamento COMMA subdepartamentos
   52                       | nombre_departamento COMMA . subdepartamentos COMMA jefe_departamento

    K_JEFE              shift, and go to state 136
    K_SUBDEPARTAMENTOS  shift, and go to state 137

    jefe_departamento  go to state 157
    subdepartamentos   go to state 158


state 149

   50 departamento_atributos: jefe_departamento COMMA . nombre_departamento COMMA subdepartamentos
   53                       | jefe_departamento COMMA . subdepartamentos COMMA nombre_departamento

    K_NOMBRE            shift, and go to state 135
    K_SUBDEPARTAMENTOS  shift, and go to state 137

    nombre_departamento  go to state 159
    subdepartamentos     go to state 160


state 150

   51 departamento_atributos: subdepartamentos COMMA . nombre_departamento COMMA jefe_departamento
   54                       | subdepartamentos COMMA . jefe_departamento COMMA nombre_departamento

    K_NOMBRE  shift, and go to state 135
    K_JEFE    shift, and go to state 136

    nombre_departamento  go to state 161
    jefe_departamento    go to state 162


state 151

   46 departamento_nt: departamento COMMA departamento_nt .

    $default  reduce using rule 46 (departamento_nt)


state 152

   55 nombre_departamento: K_NOMBRE COLON STRING .

    $default  reduce using rule 55 (nombre_departamento)


state 153

   56 jefe_departamento: K_JEFE COLON STRING .

    $default  reduce using rule 56 (jefe_departamento)


state 154

   57 jefe_departamento: K_JEFE COLON NULL_VALUE .

    $default  reduce using rule 57 (jefe_departamento)


state 155

   59 subdepartamentos_lista: BRACKET_OPEN . subdepartamento_nt BRACKET_CLOSE

    BRACE_OPEN  shift, and go to state 163

    subdepartamento_nt  go to state 164
    subdepartamento     go to state 165


state 156

   58 subdepartamentos: K_SUBDEPARTAMENTOS COLON subdepartamentos_lista .

    $default  reduce using rule 58 (subdepartamentos)


state 157

   49 departamento_atributos: nombre_departamento COMMA jefe_departamento . COMMA subdepartamentos

    COMMA  shift, and go to state 166


state 158

   52 departamento_atributos: nombre_departamento COMMA subdepartamentos . COMMA jefe_departamento

    COMMA  shift, and go to state 167


state 159

   50 departamento_atributos: jefe_departamento COMMA nombre_departamento . COMMA subdepartamentos

    COMMA  shift, and go to state 168


state 160

   53 departamento_atributos: jefe_departamento COMMA subdepartamentos . COMMA nombre_departamento

    COMMA  shift, and go to state 169


state 161

   51 departamento_atributos: subdepartamentos COMMA nombre_departamento . COMMA jefe_departamento

    COMMA  shift, and go to state 170


state 162

   54 departamento_atributos: subdepartamentos COMMA jefe_departamento . COMMA nombre_departamento

    COMMA  shift, and go to state 171


state 163

   62 subdepartamento: BRACE_OPEN . subdepartamento_atributos BRACE_CLOSE

    K_NOMBRE     shift, and go to state 172
    K_JEFE       shift, and go to state 173
    K_EMPLEADOS  shift, and go to state 174

    subdepartamento_atributos  go to state 175
    nombre_subdepartamento     go to state 176
    jefe_subdepartamento       go to state 177
    empleados                  go to state 178


state 164

   59 subdepartamentos_lista: BRACKET_OPEN subdepartamento_nt . BRACKET_CLOSE

    BRACKET_CLOSE  shift, and go to state 179


state 165

   60 subdepartamento_nt: subdepartamento . COMMA subdepartamento_nt
   61                   | subdepartamento .

    COMMA  shift, and go to state 180

    $default  reduce using rule 61 (subdepartamento_nt)


state 166

   49 departamento_atributos: nombre_departamento COMMA jefe_departamento COMMA . subdepartamentos

    K_SUBDEPARTAMENTOS  shift, and go to state 137

    subdepartamentos  go to state 181


state 167

   52 departamento_atributos: nombre_departamento COMMA subdepartamentos COMMA . jefe_departamento

    K_JEFE  shift, and go to state 136

    jefe_departamento  go to state 182


state 168

   50 departamento_atributos: jefe_departamento COMMA nombre_departamento COMMA . subdepartamentos

    K_SUBDEPARTAMENTOS  shift, and go to state 137

    subdepartamentos  go to state 183


state 169

   53 departamento_atributos: jefe_departamento COMMA subdepartamentos COMMA . nombre_departamento

    K_NOMBRE  shift, and go to state 135

    nombre_departamento  go to state 184


state 170

   51 departamento_atributos: subdepartamentos COMMA nombre_departamento COMMA . jefe_departamento

    K_JEFE  shift, and go to state 136

    jefe_departamento  go to state 185


state 171

   54 departamento_atributos: subdepartamentos COMMA jefe_departamento COMMA . nombre_departamento

    K_NOMBRE  shift, and go to state 135

    nombre_departamento  go to state 186


state 172

   74 nombre_subdepartamento: K_NOMBRE . COLON STRING

    COLON  shift, and go to state 187


state 173

   75 jefe_subdepartamento: K_JEFE . COLON STRING
   76                     | K_JEFE . COLON NULL_VALUE

    COLON  shift, and go to state 188


state 174

   77 empleados: K_EMPLEADOS . COLON empleados_lista

    COLON  shift, and go to state 189


state 175

   62 subdepartamento: BRACE_OPEN subdepartamento_atributos . BRACE_CLOSE

    BRACE_CLOSE  shift, and go to state 190


state 176

   63 subdepartamento_atributos: nombre_subdepartamento . COMMA jefe_subdepartamento COMMA empleados
   66                          | nombre_subdepartamento . COMMA empleados COMMA jefe_subdepartamento
   69                          | nombre_subdepartamento . COMMA jefe_subdepartamento
   71                          | nombre_subdepartamento . COMMA empleados
   73                          | nombre_subdepartamento .

    COMMA  shift, and go to state 191

    $default  reduce using rule 73 (subdepartamento_atributos)


state 177

   64 subdepartamento_atributos: jefe_subdepartamento . COMMA nombre_subdepartamento COMMA empleados
   67                          | jefe_subdepartamento . COMMA empleados COMMA nombre_subdepartamento
   70                          | jefe_subdepartamento . COMMA nombre_subdepartamento

    COMMA  shift, and go to state 192


state 178

   65 subdepartamento_atributos: empleados . COMMA nombre_subdepartamento COMMA jefe_subdepartamento
   68                          | empleados . COMMA jefe_subdepartamento COMMA nombre_subdepartamento
   72                          | empleados . COMMA nombre_subdepartamento

    COMMA  shift, and go to state 193


state 179

   59 subdepartamentos_lista: BRACKET_OPEN subdepartamento_nt BRACKET_CLOSE .

    $default  reduce using rule 59 (subdepartamentos_lista)


state 180

   60 subdepartamento_nt: subdepartamento COMMA . subdepartamento_nt

    BRACE_OPEN  shift, and go to state 163

    subdepartamento_nt  go to state 194
    subdepartamento     go to state 165


state 181

   49 departamento_atributos: nombre_departamento COMMA jefe_departamento COMMA subdepartamentos .

    $default  reduce using rule 49 (departamento_atributos)


state 182

   52 departamento_atributos: nombre_departamento COMMA subdepartamentos COMMA jefe_departamento .

    $default  reduce using rule 52 (departamento_atributos)


state 183

   50 departamento_atributos: jefe_departamento COMMA nombre_departamento COMMA subdepartamentos .

    $default  reduce using rule 50 (departamento_atributos)


state 184

   53 departamento_atributos: jefe_departamento COMMA subdepartamentos COMMA nombre_departamento .

    $default  reduce using rule 53 (departamento_atributos)


state 185

   51 departamento_atributos: subdepartamentos COMMA nombre_departamento COMMA jefe_departamento .

    $default  reduce using rule 51 (departamento_atributos)


state 186

   54 departamento_atributos: subdepartamentos COMMA jefe_departamento COMMA nombre_departamento .

    $default  reduce using rule 54 (departamento_atributos)


state 187

   74 nombre_subdepartamento: K_NOMBRE COLON . STRING

    STRING  shift, and go to state 195


state 188

   75 jefe_subdepartamento: K_JEFE COLON . STRING
   76                     | K_JEFE COLON . NULL_VALUE

    STRING      shift, and go to state 196
    NULL_VALUE  shift, and go to state 197


state 189

   77 empleados: K_EMPLEADOS COLON . empleados_lista

    BRACKET_OPEN  shift, and go to state 198
    NULL_VALUE    shift, and go to state 199

    empleados_lista  go to state 200


state 190

   62 subdepartamento: BRACE_OPEN subdepartamento_atributos BRACE_CLOSE .

    $default  reduce using rule 62 (subdepartamento)


state 191

   63 subdepartamento_atributos: nombre_subdepartamento COMMA . jefe_subdepartamento COMMA empleados
   66                          | nombre_subdepartamento COMMA . empleados COMMA jefe_subdepartamento
   69                          | nombre_subdepartamento COMMA . jefe_subdepartamento
   71                          | nombre_subdepartamento COMMA . empleados

    K_JEFE       shift, and go to state 173
    K_EMPLEADOS  shift, and go to state 174

    jefe_subdepartamento  go to state 201
    empleados             go to state 202


state 192

   64 subdepartamento_atributos: jefe_subdepartamento COMMA . nombre_subdepartamento COMMA empleados
   67                          | jefe_subdepartamento COMMA . empleados COMMA nombre_subdepartamento
   70                          | jefe_subdepartamento COMMA . nombre_subdepartamento

    K_NOMBRE     shift, and go to state 172
    K_EMPLEADOS  shift, and go to state 174

    nombre_subdepartamento  go to state 203
    empleados               go to state 204


state 193

   65 subdepartamento_atributos: empleados COMMA . nombre_subdepartamento COMMA jefe_subdepartamento
   68                          | empleados COMMA . jefe_subdepartamento COMMA nombre_subdepartamento
   72                          | empleados COMMA . nombre_subdepartamento

    K_NOMBRE  shift, and go to state 172
    K_JEFE    shift, and go to state 173

    nombre_subdepartamento  go to state 205
    jefe_subdepartamento    go to state 206


state 194

   60 subdepartamento_nt: subdepartamento COMMA subdepartamento_nt .

    $default  reduce using rule 60 (subdepartamento_nt)


state 195

   74 nombre_subdepartamento: K_NOMBRE COLON STRING .

    $default  reduce using rule 74 (nombre_subdepartamento)


state 196

   75 jefe_subdepartamento: K_JEFE COLON STRING .

    $default  reduce using rule 75 (jefe_subdepartamento)


state 197

   76 jefe_subdepartamento: K_JEFE COLON NULL_VALUE .

    $default  reduce using rule 76 (jefe_subdepartamento)


state 198

   78 empleados_lista: BRACKET_OPEN . empleado_nt BRACKET_CLOSE
   79                | BRACKET_OPEN . BRACKET_CLOSE

    BRACE_OPEN     shift, and go to state 207
    BRACKET_CLOSE  shift, and go to state 208

    empleado_nt  go to state 209
    empleado     go to state 210


state 199

   80 empleados_lista: NULL_VALUE .

    $default  reduce using rule 80 (empleados_lista)


state 200

   77 empleados: K_EMPLEADOS COLON empleados_lista .

    $default  reduce using rule 77 (empleados)


state 201

   63 subdepartamento_atributos: nombre_subdepartamento COMMA jefe_subdepartamento . COMMA empleados
   69                          | nombre_subdepartamento COMMA jefe_subdepartamento .

    COMMA  shift, and go to state 211

    $default  reduce using rule 69 (subdepartamento_atributos)


state 202

   66 subdepartamento_atributos: nombre_subdepartamento COMMA empleados . COMMA jefe_subdepartamento
   71                          | nombre_subdepartamento COMMA empleados .

    COMMA  shift, and go to state 212

    $default  reduce using rule 71 (subdepartamento_atributos)


state 203

   64 subdepartamento_atributos: jefe_subdepartamento COMMA nombre_subdepartamento . COMMA empleados
   70                          | jefe_subdepartamento COMMA nombre_subdepartamento .

    COMMA  shift, and go to state 213

    $default  reduce using rule 70 (subdepartamento_atributos)


state 204

   67 subdepartamento_atributos: jefe_subdepartamento COMMA empleados . COMMA nombre_subdepartamento

    COMMA  shift, and go to state 214


state 205

   65 subdepartamento_atributos: empleados COMMA nombre_subdepartamento . COMMA jefe_subdepartamento
   72                          | empleados COMMA nombre_subdepartamento .

    COMMA  shift, and go to state 215

    $default  reduce using rule 72 (subdepartamento_atributos)


state 206

   68 subdepartamento_atributos: empleados COMMA jefe_subdepartamento . COMMA nombre_subdepartamento

    COMMA  shift, and go to state 216


state 207

   83 empleado: BRACE_OPEN . empleado_atributos BRACE_CLOSE

    K_NOMBRE  shift, and go to state 217

    empleado_atributos  go to state 218
    nombre_empleado     go to state 219


state 208

   79 empleados_lista: BRACKET_OPEN BRACKET_CLOSE .

    $default  reduce using rule 79 (empleados_lista)


state 209

   78 empleados_lista: BRACKET_OPEN empleado_nt . BRACKET_CLOSE

    BRACKET_CLOSE  shift, and go to state 220


state 210

   81 empleado_nt: empleado . COMMA empleado_nt
   82            | empleado .

    COMMA  shift, and go to state 221

    $default  reduce using rule 82 (empleado_nt)


state 211

   63 subdepartamento_atributos: nombre_subdepartamento COMMA jefe_subdepartamento COMMA . empleados

    K_EMPLEADOS  shift, and go to state 174

    empleados  go to state 222


state 212

   66 subdepartamento_atributos: nombre_subdepartamento COMMA empleados COMMA . jefe_subdepartamento

    K_JEFE  shift, and go to state 173

    jefe_subdepartamento  go to state 223


state 213

   64 subdepartamento_atributos: jefe_subdepartamento COMMA nombre_subdepartamento COMMA . empleados

    K_EMPLEADOS  shift, and go to state 174

    empleados  go to state 224


state 214

   67 subdepartamento_atributos: jefe_subdepartamento COMMA empleados COMMA . nombre_subdepartamento

    K_NOMBRE  shift, and go to state 172

    nombre_subdepartamento  go to state 225


state 215

   65 subdepartamento_atributos: empleados COMMA nombre_subdepartamento COMMA . jefe_subdepartamento

    K_JEFE  shift, and go to state 173

    jefe_subdepartamento  go to state 226


state 216

   68 subdepartamento_atributos: empleados COMMA jefe_subdepartamento COMMA . nombre_subdepartamento

    K_NOMBRE  shift, and go to state 172

    nombre_subdepartamento  go to state 227


state 217

   88 nombre_empleado: K_NOMBRE . COLON STRING

    COLON  shift, and go to state 228


state 218

   83 empleado: BRACE_OPEN empleado_atributos . BRACE_CLOSE

    BRACE_CLOSE  shift, and go to state 229


state 219

   84 empleado_atributos: nombre_empleado . COMMA edad COMMA cargo COMMA salario COMMA activo COMMA fecha_contratacion COMMA proyectos
   85                   | nombre_empleado . COMMA edad COMMA cargo COMMA salario COMMA activo COMMA fecha_contratacion
   86                   | nombre_empleado . COMMA cargo COMMA salario COMMA activo COMMA fecha_contratacion COMMA proyectos
   87                   | nombre_empleado . COMMA cargo COMMA salario COMMA activo COMMA fecha_contratacion

    COMMA  shift, and go to state 230


state 220

   78 empleados_lista: BRACKET_OPEN empleado_nt BRACKET_CLOSE .

    $default  reduce using rule 78 (empleados_lista)


state 221

   81 empleado_nt: empleado COMMA . empleado_nt

    BRACE_OPEN  shift, and go to state 207

    empleado_nt  go to state 231
    empleado     go to state 210


state 222

   63 subdepartamento_atributos: nombre_subdepartamento COMMA jefe_subdepartamento COMMA empleados .

    $default  reduce using rule 63 (subdepartamento_atributos)


state 223

   66 subdepartamento_atributos: nombre_subdepartamento COMMA empleados COMMA jefe_subdepartamento .

    $default  reduce using rule 66 (subdepartamento_atributos)


state 224

   64 subdepartamento_atributos: jefe_subdepartamento COMMA nombre_subdepartamento COMMA empleados .

    $default  reduce using rule 64 (subdepartamento_atributos)


state 225

   67 subdepartamento_atributos: jefe_subdepartamento COMMA empleados COMMA nombre_subdepartamento .

    $default  reduce using rule 67 (subdepartamento_atributos)


state 226

   65 subdepartamento_atributos: empleados COMMA nombre_subdepartamento COMMA jefe_subdepartamento .

    $default  reduce using rule 65 (subdepartamento_atributos)


state 227

   68 subdepartamento_atributos: empleados COMMA jefe_subdepartamento COMMA nombre_subdepartamento .

    $default  reduce using rule 68 (subdepartamento_atributos)


state 228

   88 nombre_empleado: K_NOMBRE COLON . STRING

    STRING  shift, and go to state 232


state 229

   83 empleado: BRACE_OPEN empleado_atributos BRACE_CLOSE .

    $default  reduce using rule 83 (empleado)


state 230

   84 empleado_atributos: nombre_empleado COMMA . edad COMMA cargo COMMA salario COMMA activo COMMA fecha_contratacion COMMA proyectos
   85                   | nombre_empleado COMMA . edad COMMA cargo COMMA salario COMMA activo COMMA fecha_contratacion
   86                   | nombre_empleado COMMA . cargo COMMA salario COMMA activo COMMA fecha_contratacion COMMA proyectos
   87                   | nombre_empleado COMMA . cargo COMMA salario COMMA activo COMMA fecha_contratacion

    K_EDAD   shift, and go to state 233
    K_CARGO  shift, and go to state 234

    edad   go to state 235
    cargo  go to state 236


state 231

   81 empleado_nt: empleado COMMA empleado_nt .

    $default  reduce using rule 81 (empleado_nt)


state 232

   88 nombre_empleado: K_NOMBRE COLON STRING .

    $default  reduce using rule 88 (nombre_empleado)


state 233

   89 edad: K_EDAD . COLON INTEGER
   90     | K_EDAD . COLON NULL_VALUE

    COLON  shift, and go to state 237


state 234

   91 cargo: K_CARGO . COLON CARGO

    COLON  shift, and go to state 238


state 235

   84 empleado_atributos: nombre_empleado COMMA edad . COMMA cargo COMMA salario COMMA activo COMMA fecha_contratacion COMMA proyectos
   85                   | nombre_empleado COMMA edad . COMMA cargo COMMA salario COMMA activo COMMA fecha_contratacion

    COMMA  shift, and go to state 239


state 236

   86 empleado_atributos: nombre_empleado COMMA cargo . COMMA salario COMMA activo COMMA fecha_contratacion COMMA proyectos
   87                   | nombre_empleado COMMA cargo . COMMA salario COMMA activo COMMA fecha_contratacion

    COMMA  shift, and go to state 240


state 237

   89 edad: K_EDAD COLON . INTEGER
   90     | K_EDAD COLON . NULL_VALUE

    INTEGER     shift, and go to state 241
    NULL_VALUE  shift, and go to state 242


state 238

   91 cargo: K_CARGO COLON . CARGO

    CARGO  shift, and go to state 243


state 239

   84 empleado_atributos: nombre_empleado COMMA edad COMMA . cargo COMMA salario COMMA activo COMMA fecha_contratacion COMMA proyectos
   85                   | nombre_empleado COMMA edad COMMA . cargo COMMA salario COMMA activo COMMA fecha_contratacion

    K_CARGO  shift, and go to state 234

    cargo  go to state 244


state 240

   86 empleado_atributos: nombre_empleado COMMA cargo COMMA . salario COMMA activo COMMA fecha_contratacion COMMA proyectos
   87                   | nombre_empleado COMMA cargo COMMA . salario COMMA activo COMMA fecha_contratacion

    K_SALARIO  shift, and go to state 245

    salario  go to state 246


state 241

   89 edad: K_EDAD COLON INTEGER .

    $default  reduce using rule 89 (edad)


state 242

   90 edad: K_EDAD COLON NULL_VALUE .

    $default  reduce using rule 90 (edad)


state 243

   91 cargo: K_CARGO COLON CARGO .

    $default  reduce using rule 91 (cargo)


state 244

   84 empleado_atributos: nombre_empleado COMMA edad COMMA cargo . COMMA salario COMMA activo COMMA fecha_contratacion COMMA proyectos
   85                   | nombre_empleado COMMA edad COMMA cargo . COMMA salario COMMA activo COMMA fecha_contratacion

    COMMA  shift, and go to state 247


state 245

   92 salario: K_SALARIO . COLON FLOAT

    COLON  shift, and go to state 248


state 246

   86 empleado_atributos: nombre_empleado COMMA cargo COMMA salario . COMMA activo COMMA fecha_contratacion COMMA proyectos
   87                   | nombre_empleado COMMA cargo COMMA salario . COMMA activo COMMA fecha_contratacion

    COMMA  shift, and go to state 249


state 247

   84 empleado_atributos: nombre_empleado COMMA edad COMMA cargo COMMA . salario COMMA activo COMMA fecha_contratacion COMMA proyectos
   85                   | nombre_empleado COMMA edad COMMA cargo COMMA . salario COMMA activo COMMA fecha_contratacion

    K_SALARIO  shift, and go to state 245

    salario  go to state 250


state 248

   92 salario: K_SALARIO COLON . FLOAT

    FLOAT  shift, and go to state 251


state 249

   86 empleado_atributos: nombre_empleado COMMA cargo COMMA salario COMMA . activo COMMA fecha_contratacion COMMA proyectos
   87                   | nombre_empleado COMMA cargo COMMA salario COMMA . activo COMMA fecha_contratacion

    K_ACTIVO  shift, and go to state 252

    activo  go to state 253


state 250

   84 empleado_atributos: nombre_empleado COMMA edad COMMA cargo COMMA salario . COMMA activo COMMA fecha_contratacion COMMA proyectos
   85                   | nombre_empleado COMMA edad COMMA cargo COMMA salario . COMMA activo COMMA fecha_contratacion

    COMMA  shift, and go to state 254


state 251

   92 salario: K_SALARIO COLON FLOAT .

    $default  reduce using rule 92 (salario)


state 252

   93 activo: K_ACTIVO . COLON BOOL

    COLON  shift, and go to state 255


state 253

   86 empleado_atributos: nombre_empleado COMMA cargo COMMA salario COMMA activo . COMMA fecha_contratacion COMMA proyectos
   87                   | nombre_empleado COMMA cargo COMMA salario COMMA activo . COMMA fecha_contratacion

    COMMA  shift, and go to state 256


state 254

   84 empleado_atributos: nombre_empleado COMMA edad COMMA cargo COMMA salario COMMA . activo COMMA fecha_contratacion COMMA proyectos
   85                   | nombre_empleado COMMA edad COMMA cargo COMMA salario COMMA . activo COMMA fecha_contratacion

    K_ACTIVO  shift, and go to state 252

    activo  go to state 257


state 255

   93 activo: K_ACTIVO COLON . BOOL

    BOOL  shift, and go to state 258


state 256

   86 empleado_atributos: nombre_empleado COMMA cargo COMMA salario COMMA activo COMMA . fecha_contratacion COMMA proyectos
   87                   | nombre_empleado COMMA cargo COMMA salario COMMA activo COMMA . fecha_contratacion

    K_FECHA_CONTRATACION  shift, and go to state 259

    fecha_contratacion  go to state 260


state 257

   84 empleado_atributos: nombre_empleado COMMA edad COMMA cargo COMMA salario COMMA activo . COMMA fecha_contratacion COMMA proyectos
   85                   | nombre_empleado COMMA edad COMMA cargo COMMA salario COMMA activo . COMMA fecha_contratacion

    COMMA  shift, and go to state 261


state 258

   93 activo: K_ACTIVO COLON BOOL .

    $default  reduce using rule 93 (activo)


state 259

   94 fecha_contratacion: K_FECHA_CONTRATACION . COLON DATE

    COLON  shift, and go to state 262


state 260

   86 empleado_atributos: nombre_empleado COMMA cargo COMMA salario COMMA activo COMMA fecha_contratacion . COMMA proyectos
   87                   | nombre_empleado COMMA cargo COMMA salario COMMA activo COMMA fecha_contratacion .

    COMMA  shift, and go to state 263

    $default  reduce using rule 87 (empleado_atributos)


state 261

   84 empleado_atributos: nombre_empleado COMMA edad COMMA cargo COMMA salario COMMA activo COMMA . fecha_contratacion COMMA proyectos
   85                   | nombre_empleado COMMA edad COMMA cargo COMMA salario COMMA activo COMMA . fecha_contratacion

    K_FECHA_CONTRATACION  shift, and go to state 259

    fecha_contratacion  go to state 264


state 262

   94 fecha_contratacion: K_FECHA_CONTRATACION COLON . DATE

    DATE  shift, and go to state 265


state 263

   86 empleado_atributos: nombre_empleado COMMA cargo COMMA salario COMMA activo COMMA fecha_contratacion COMMA . proyectos

    K_PROYECTOS  shift, and go to state 266

    proyectos  go to state 267


state 264

   84 empleado_atributos: nombre_empleado COMMA edad COMMA cargo COMMA salario COMMA activo COMMA fecha_contratacion . COMMA proyectos
   85                   | nombre_empleado COMMA edad COMMA cargo COMMA salario COMMA activo COMMA fecha_contratacion .

    COMMA  shift, and go to state 268

    $default  reduce using rule 85 (empleado_atributos)


state 265

   94 fecha_contratacion: K_FECHA_CONTRATACION COLON DATE .

    $default  reduce using rule 94 (fecha_contratacion)


state 266

   95 proyectos: K_PROYECTOS . COLON proyectos_lista

    COLON  shift, and go to state 269


state 267

   86 empleado_atributos: nombre_empleado COMMA cargo COMMA salario COMMA activo COMMA fecha_contratacion COMMA proyectos .

    $default  reduce using rule 86 (empleado_atributos)


state 268

   84 empleado_atributos: nombre_empleado COMMA edad COMMA cargo COMMA salario COMMA activo COMMA fecha_contratacion COMMA . proyectos

    K_PROYECTOS  shift, and go to state 266

    proyectos  go to state 270


state 269

   95 proyectos: K_PROYECTOS COLON . proyectos_lista

    BRACKET_OPEN  shift, and go to state 271
    NULL_VALUE    shift, and go to state 272

    proyectos_lista  go to state 273


state 270

   84 empleado_atributos: nombre_empleado COMMA edad COMMA cargo COMMA salario COMMA activo COMMA fecha_contratacion COMMA proyectos .

    $default  reduce using rule 84 (empleado_atributos)


state 271

   96 proyectos_lista: BRACKET_OPEN . proyecto_nt BRACKET_CLOSE
   97                | BRACKET_OPEN . BRACKET_CLOSE

    BRACE_OPEN     shift, and go to state 274
    BRACKET_CLOSE  shift, and go to state 275

    proyecto_nt  go to state 276
    proyecto     go to state 277


state 272

   98 proyectos_lista: NULL_VALUE .

    $default  reduce using rule 98 (proyectos_lista)


state 273

   95 proyectos: K_PROYECTOS COLON proyectos_lista .

    $default  reduce using rule 95 (proyectos)


state 274

  101 proyecto: BRACE_OPEN . proyecto_atributos BRACE_CLOSE

    K_NOMBRE  shift, and go to state 278

    proyecto_atributos  go to state 279
    nombre_proyecto     go to state 280


state 275

   97 proyectos_lista: BRACKET_OPEN BRACKET_CLOSE .

    $default  reduce using rule 97 (proyectos_lista)


state 276

   96 proyectos_lista: BRACKET_OPEN proyecto_nt . BRACKET_CLOSE

    BRACKET_CLOSE  shift, and go to state 281


state 277

   99 proyecto_nt: proyecto . COMMA proyecto_nt
  100            | proyecto .

    COMMA  shift, and go to state 282

    $default  reduce using rule 100 (proyecto_nt)


state 278

  106 nombre_proyecto: K_NOMBRE . COLON STRING

    COLON  shift, and go to state 283


state 279

  101 proyecto: BRACE_OPEN proyecto_atributos . BRACE_CLOSE

    BRACE_CLOSE  shift, and go to state 284


state 280

  102 proyecto_atributos: nombre_proyecto . COMMA estado COMMA fecha_inicio COMMA fecha_fin
  103                   | nombre_proyecto . COMMA estado COMMA fecha_inicio
  104                   | nombre_proyecto . COMMA fecha_inicio COMMA fecha_fin
  105                   | nombre_proyecto . COMMA fecha_inicio

    COMMA  shift, and go to state 285


state 281

   96 proyectos_lista: BRACKET_OPEN proyecto_nt BRACKET_CLOSE .

    $default  reduce using rule 96 (proyectos_lista)


state 282

   99 proyecto_nt: proyecto COMMA . proyecto_nt

    BRACE_OPEN  shift, and go to state 274

    proyecto_nt  go to state 286
    proyecto     go to state 277


state 283

  106 nombre_proyecto: K_NOMBRE COLON . STRING

    STRING  shift, and go to state 287


state 284

  101 proyecto: BRACE_OPEN proyecto_atributos BRACE_CLOSE .

    $default  reduce using rule 101 (proyecto)


state 285

  102 proyecto_atributos: nombre_proyecto COMMA . estado COMMA fecha_inicio COMMA fecha_fin
  103                   | nombre_proyecto COMMA . estado COMMA fecha_inicio
  104                   | nombre_proyecto COMMA . fecha_inicio COMMA fecha_fin
  105                   | nombre_proyecto COMMA . fecha_inicio

    K_ESTADO        shift, and go to state 288
    K_FECHA_INICIO  shift, and go to state 289

    estado        go to state 290
    fecha_inicio  go to state 291


state 286

   99 proyecto_nt: proyecto COMMA proyecto_nt .

    $default  reduce using rule 99 (proyecto_nt)


state 287

  106 nombre_proyecto: K_NOMBRE COLON STRING .

    $default  reduce using rule 106 (nombre_proyecto)


state 288

  107 estado: K_ESTADO . COLON ESTADO
  108       | K_ESTADO . COLON NULL_VALUE

    COLON  shift, and go to state 292


state 289

  109 fecha_inicio: K_FECHA_INICIO . COLON DATE

    COLON  shift, and go to state 293


state 290

  102 proyecto_atributos: nombre_proyecto COMMA estado . COMMA fecha_inicio COMMA fecha_fin
  103                   | nombre_proyecto COMMA estado . COMMA fecha_inicio

    COMMA  shift, and go to state 294


state 291

  104 proyecto_atributos: nombre_proyecto COMMA fecha_inicio . COMMA fecha_fin
  105                   | nombre_proyecto COMMA fecha_inicio .

    COMMA  shift, and go to state 295

    $default  reduce using rule 105 (proyecto_atributos)


state 292

  107 estado: K_ESTADO COLON . ESTADO
  108       | K_ESTADO COLON . NULL_VALUE

    ESTADO      shift, and go to state 296
    NULL_VALUE  shift, and go to state 297


state 293

  109 fecha_inicio: K_FECHA_INICIO COLON . DATE

    DATE  shift, and go to state 298


state 294

  102 proyecto_atributos: nombre_proyecto COMMA estado COMMA . fecha_inicio COMMA fecha_fin
  103                   | nombre_proyecto COMMA estado COMMA . fecha_inicio

    K_FECHA_INICIO  shift, and go to state 289

    fecha_inicio  go to state 299


state 295

  104 proyecto_atributos: nombre_proyecto COMMA fecha_inicio COMMA . fecha_fin

    K_FECHA_FIN  shift, and go to state 300

    fecha_fin  go to state 301


state 296

  107 estado: K_ESTADO COLON ESTADO .

    $default  reduce using rule 107 (estado)


state 297

  108 estado: K_ESTADO COLON NULL_VALUE .

    $default  reduce using rule 108 (estado)


state 298

  109 fecha_inicio: K_FECHA_INICIO COLON DATE .

    $default  reduce using rule 109 (fecha_inicio)


state 299

  102 proyecto_atributos: nombre_proyecto COMMA estado COMMA fecha_inicio . COMMA fecha_fin
  103                   | nombre_proyecto COMMA estado COMMA fecha_inicio .

    COMMA  shift, and go to state 302

    $default  reduce using rule 103 (proyecto_atributos)


state 300

  110 fecha_fin: K_FECHA_FIN . COLON DATE
  111          | K_FECHA_FIN . COLON NULL_VALUE

    COLON  shift, and go to state 303


state 301

  104 proyecto_atributos: nombre_proyecto COMMA fecha_inicio COMMA fecha_fin .

    $default  reduce using rule 104 (proyecto_atributos)


state 302

  102 proyecto_atributos: nombre_proyecto COMMA estado COMMA fecha_inicio COMMA . fecha_fin

    K_FECHA_FIN  shift, and go to state 300

    fecha_fin  go to state 304


state 303

  110 fecha_fin: K_FECHA_FIN COLON . DATE
  111          | K_FECHA_FIN COLON . NULL_VALUE

    DATE        shift, and go to state 305
    NULL_VALUE  shift, and go to state 306


state 304

  102 proyecto_atributos: nombre_proyecto COMMA estado COMMA fecha_inicio COMMA fecha_fin .

    $default  reduce using rule 102 (proyecto_atributos)


state 305

  110 fecha_fin: K_FECHA_FIN COLON DATE .

    $default  reduce using rule 110 (fecha_fin)


state 306

  111 fecha_fin: K_FECHA_FIN COLON NULL_VALUE .

    $default  reduce using rule 111 (fecha_fin)
